<?xml version="1.0" encoding="UTF-8"?>
<!-- Generated by org.testng.reporters.JUnitXMLReporter -->
<testsuite hostname="DESKTOP-1NMFLS9" name="P2 Tests" tests="1" failures="1" timestamp="4 Mar 2017 20:59:35 GMT" time="2.344" errors="0">
  <testcase name="verifyLoginNavigation" time="2.062" classname="Tests.HomPageTest">
    <failure type="java.lang.AssertionError" message="Link is not visible or clickable expected [true] but found [false]">
      <![CDATA[java.lang.AssertionError: Link is not visible or clickable expected [true] but found [false]
	at Tests.HomPageTest.verifyLoginNavigation(HomPageTest.java:33)
	at TestRunner.RunManager.main(RunManager.java:34)
	at com.intellij.rt.execution.application.AppMain.main(AppMain.java:147)
... Removed 28 stack frames]]>
    </failure>
  </testcase> <!-- verifyLoginNavigation -->
</testsuite> <!-- P2 Tests -->
