<!DOCTYPE html PUBLIC "-//W3C//DTD XHTML 1.1//EN" "http://www.w3.org/TR/xhtml11/DTD/xhtml11.dtd">
<html xmlns="http://www.w3.org/1999/xhtml"><head><title>TestNG Report</title><style type="text/css">table {margin-bottom:10px;border-collapse:collapse;empty-cells:show}th,td {border:1px solid #009;padding:.25em .5em}th {vertical-align:bottom}td {vertical-align:top}table a {font-weight:bold}.stripe td {background-color: #E6EBF9}.num {text-align:right}.passedodd td {background-color: #3F3}.passedeven td {background-color: #0A0}.skippedodd td {background-color: #DDD}.skippedeven td {background-color: #CCC}.failedodd td,.attn {background-color: #F33}.failedeven td,.stripe .attn {background-color: #D00}.stacktrace {white-space:pre;font-family:monospace}.totop {font-size:85%;text-align:center;border-bottom:2px solid #000}</style></head><body><table><tr><th>Test</th><th># Passed</th><th># Skipped</th><th># Failed</th><th>Time (ms)</th><th>Included Groups</th><th>Excluded Groups</th></tr><tr><th colspan="7">P2 Tests</th></tr><tr><td><a href="#t0">P2 Tests</a></td><td class="num">0</td><td class="num">0</td><td class="num attn">1</td><td class="num">2,344</td><td>P2</td><td></td></tr><tr><th colspan="7">P1 Tests</th></tr><tr class="stripe"><td><a href="#t1">P1 Tests</a></td><td class="num">1</td><td class="num">0</td><td class="num attn">1</td><td class="num">19,531</td><td>P1</td><td></td></tr><tr><th>Total</th><th class="num">1</th><th class="num">0</th><th class="num attn">2</th><th class="num">21,875</th><th colspan="2"></th></tr></table><table><thead><tr><th>Class</th><th>Method</th><th>Start</th><th>Time (ms)</th></tr></thead><tbody><tr><th colspan="4">P2 Tests</th></tr></tbody><tbody id="t0"><tr><th colspan="4">P2 Tests &#8212; failed</th></tr><tr class="failedeven"><td rowspan="1">Tests.HomPageTest</td><td><a href="#m0">verifyLoginNavigation</a></td><td rowspan="1">1488661173157</td><td rowspan="1">2062</td></tr></tbody><tbody><tr><th colspan="4">P1 Tests</th></tr></tbody><tbody id="t1"><tr><th colspan="4">P1 Tests &#8212; failed</th></tr><tr class="failedeven"><td rowspan="1">Tests.LoginPageTest</td><td><a href="#m1">invalidLoginTest</a></td><td rowspan="1">1488661155654</td><td rowspan="1">17028</td></tr><tr><th colspan="4">P1 Tests &#8212; passed</th></tr><tr class="passedeven"><td rowspan="1">Tests.HomPageTest</td><td><a href="#m2">verifyLinkVisible</a></td><td rowspan="1">1488661153577</td><td rowspan="1">2077</td></tr></tbody></table><h2>P2 Tests</h2><h3 id="m0">Tests.HomPageTest#verifyLoginNavigation</h3><table class="result"><tr><th>Exception</th></tr><tr><td><div class="stacktrace">java.lang.AssertionError: Link is not visible or clickable expected [true] but found [false]
	at Tests.HomPageTest.verifyLoginNavigation(HomPageTest.java:33)
	at TestRunner.RunManager.main(RunManager.java:34)
	at com.intellij.rt.execution.application.AppMain.main(AppMain.java:147)
... Removed 28 stack frames</div></td></tr></table><p class="totop"><a href="#summary">back to summary</a></p><h2>P1 Tests</h2><h3 id="m1">Tests.LoginPageTest#invalidLoginTest</h3><table class="result"><tr><th>Exception</th></tr><tr><td><div class="stacktrace">org.openqa.selenium.NoSuchElementException: Unable to find element with id == log (WARNING: The server did not provide any stacktrace information)
Command duration or timeout: 15.19 seconds
For documentation on this error, please visit: http://seleniumhq.org/exceptions/no_such_element.html
Build info: version: &apos;3.2.0&apos;, revision: &apos;8c03df6b79&apos;, time: &apos;2017-02-23 10:51:31 +0000&apos;
System info: host: &apos;DESKTOP-1NMFLS9&apos;, ip: &apos;192.168.1.132&apos;, os.name: &apos;Windows 10&apos;, os.arch: &apos;amd64&apos;, os.version: &apos;10.0&apos;, java.version: &apos;1.8.0_101&apos;
Driver info: org.openqa.selenium.ie.InternetExplorerDriver
Capabilities [{browserAttachTimeout=0, ie.enableFullPageScreenshot=true, enablePersistentHover=true, ie.forceCreateProcessApi=false, ie.forceShellWindowsApi=false, pageLoadStrategy=normal, ignoreZoomSetting=false, ie.fileUploadDialogTimeout=3000, version=11, platform=WINDOWS, nativeEvents=true, ie.ensureCleanSession=false, elementScrollBehavior=0, ie.browserCommandLineSwitches=, requireWindowFocus=false, browserName=internet explorer, initialBrowserUrl=http://localhost:46965/, javascriptEnabled=true, ignoreProtectedModeSettings=false, enableElementCacheCleanup=true, unexpectedAlertBehaviour=dismiss}]
Session ID: 1886bc73-8319-46dc-be48-32ca1755307c
*** Element info: {Using=id, value=log}
	at org.openqa.selenium.remote.ErrorHandler.createThrowable(ErrorHandler.java:216)
	at org.openqa.selenium.remote.ErrorHandler.throwIfResponseFailed(ErrorHandler.java:168)
	at org.openqa.selenium.remote.RemoteWebDriver.execute(RemoteWebDriver.java:638)
	at org.openqa.selenium.remote.RemoteWebDriver.findElement(RemoteWebDriver.java:371)
	at org.openqa.selenium.remote.RemoteWebDriver.findElementById(RemoteWebDriver.java:420)
	at org.openqa.selenium.By$ById.findElement(By.java:218)
	at org.openqa.selenium.remote.RemoteWebDriver.findElement(RemoteWebDriver.java:363)
	at org.openqa.selenium.support.pagefactory.DefaultElementLocator.findElement(DefaultElementLocator.java:69)
	at org.openqa.selenium.support.pagefactory.internal.LocatingElementHandler.invoke(LocatingElementHandler.java:38)
	at com.sun.proxy.$Proxy3.isEnabled(Unknown Source)
	at PageObjectModels.LoginPagePOM.isUsernameBoxEnabled(LoginPagePOM.java:34)
	at PageObjectModels.LoginPagePOM.setUsernameEditText(LoginPagePOM.java:42)
	at Tests.LoginPageTest.invalidLoginTest(LoginPageTest.java:38)
	at TestRunner.RunManager.main(RunManager.java:34)
	at com.intellij.rt.execution.application.AppMain.main(AppMain.java:147)
... Removed 29 stack frames</div></td></tr></table><p class="totop"><a href="#summary">back to summary</a></p><h3 id="m2">Tests.HomPageTest#verifyLinkVisible</h3><table class="result"></table><p class="totop"><a href="#summary">back to summary</a></p></body></html>